<?xml version="1.0" encoding="UTF-8"?>
<!-- Generated by org.testng.reporters.JUnitXMLReporter -->
<testsuite ignored="0" hostname="b123132-lt" failures="0" tests="6" name="Default test" time="0.014" errors="0" timestamp="31 May 2023 09:22:21 GMT">
  <testcase classname="testng.test.VibloPageTestCasesTest" name="@BeforeSuite initializeDriver" time="0.026">
    <failure type="java.lang.IllegalStateException" message="The path to the driver executable must be set by the webdriver.chrome.driver system property; for more information, see https://github.com/SeleniumHQ/selenium/wiki/ChromeDriver. The latest version can be downloaded from http://chromedriver.storage.googleapis.com/index.html">
      <![CDATA[java.lang.IllegalStateException: The path to the driver executable must be set by the webdriver.chrome.driver system property; for more information, see https://github.com/SeleniumHQ/selenium/wiki/ChromeDriver. The latest version can be downloaded from http://chromedriver.storage.googleapis.com/index.html
at com.google.common.base.Preconditions.checkState(Preconditions.java:754)
at org.openqa.selenium.remote.service.DriverService.findExecutable(DriverService.java:124)
at org.openqa.selenium.chrome.ChromeDriverService.access$000(ChromeDriverService.java:32)
at org.openqa.selenium.chrome.ChromeDriverService$Builder.findDefaultExecutable(ChromeDriverService.java:137)
at org.openqa.selenium.remote.service.DriverService$Builder.build(DriverService.java:339)
at org.openqa.selenium.chrome.ChromeDriverService.createDefaultService(ChromeDriverService.java:88)
at org.openqa.selenium.chrome.ChromeDriver.<init>(ChromeDriver.java:123)
at testng.config.SetupDriver.buildSetupDriver(SetupDriver.java:10)
at testng.object.VibloPageObjects.<init>(VibloPageObjects.java:38)
at testng.test.VibloPageTestCasesTest.initializeDriver(VibloPageTestCasesTest.java:88)
at java.base/jdk.internal.reflect.NativeMethodAccessorImpl.invoke0(Native Method)
at java.base/jdk.internal.reflect.NativeMethodAccessorImpl.invoke(NativeMethodAccessorImpl.java:77)
at java.base/jdk.internal.reflect.DelegatingMethodAccessorImpl.invoke(DelegatingMethodAccessorImpl.java:43)
at java.base/java.lang.reflect.Method.invoke(Method.java:568)
at org.testng.internal.MethodInvocationHelper.invokeMethod(MethodInvocationHelper.java:124)
at org.testng.internal.MethodInvocationHelper.invokeMethodConsideringTimeout(MethodInvocationHelper.java:59)
at org.testng.internal.Invoker.invokeConfigurationMethod(Invoker.java:458)
at org.testng.internal.Invoker.invokeConfigurations(Invoker.java:222)
at org.testng.internal.Invoker.invokeConfigurations(Invoker.java:142)
at org.testng.SuiteRunner.privateRun(SuiteRunner.java:401)
at org.testng.SuiteRunner.run(SuiteRunner.java:364)
at org.testng.SuiteRunnerWorker.runSuite(SuiteRunnerWorker.java:52)
at org.testng.SuiteRunnerWorker.run(SuiteRunnerWorker.java:84)
at org.testng.TestNG.runSuitesSequentially(TestNG.java:1208)
at org.testng.TestNG.runSuitesLocally(TestNG.java:1137)
at org.testng.TestNG.runSuites(TestNG.java:1049)
at org.testng.TestNG.run(TestNG.java:1017)
at org.testng.remote.AbstractRemoteTestNG.run(AbstractRemoteTestNG.java:115)
at org.testng.remote.RemoteTestNG.initAndRun(RemoteTestNG.java:251)
at org.testng.remote.RemoteTestNG.main(RemoteTestNG.java:77)
]]>
    </failure>
  </testcase> <!-- @BeforeSuite initializeDriver -->
  <testcase classname="testng.test.VibloPageTestCasesTest" name="setupDriver" time="0.0">
    <skipped/>
  </testcase> <!-- setupDriver -->
  <testcase classname="testng.test.VibloPageTestCasesTest" name="tC5_CheckLoginSuccessTest" time="0.0">
    <skipped/>
  </testcase> <!-- tC5_CheckLoginSuccessTest -->
  <testcase classname="testng.test.VibloPageTestCasesTest" name="tc1_CheckLoginPage" time="0.0">
    <skipped/>
  </testcase> <!-- tc1_CheckLoginPage -->
  <testcase classname="testng.test.VibloPageTestCasesTest" name="tc2_CheckRequireAllitem" time="0.0">
    <skipped/>
  </testcase> <!-- tc2_CheckRequireAllitem -->
  <testcase classname="testng.test.VibloPageTestCasesTest" name="tc3_CheckRequireUserItemTest" time="0.0">
    <skipped/>
  </testcase> <!-- tc3_CheckRequireUserItemTest -->
  <testcase classname="testng.test.VibloPageTestCasesTest" name="tc4_CheckRequirePassWordItemTest" time="0.0">
    <skipped/>
  </testcase> <!-- tc4_CheckRequirePassWordItemTest -->
</testsuite> <!-- Default test -->
